0:0:0:0:0:0:0:1 - - [30/Aug/2022:09:17:26 +0800] "GET /log/preLogin/477014871 HTTP/1.1" 200 64
0:0:0:0:0:0:0:1 - - [30/Aug/2022:09:17:53 +0800] "GET /log/preLogin/477014871 HTTP/1.1" 200 64
0:0:0:0:0:0:0:1 - - [30/Aug/2022:10:29:20 +0800] "GET /log/preLogin/477014871 HTTP/1.1" 200 64
0:0:0:0:0:0:0:1 - - [30/Aug/2022:11:13:35 +0800] "GET /log/preLogin/477014871 HTTP/1.1" 200 64
0:0:0:0:0:0:0:1 - - [30/Aug/2022:11:14:48 +0800] "GET /log/preLogin/477014871 HTTP/1.1" 200 64
0:0:0:0:0:0:0:1 - - [30/Aug/2022:11:24:26 +0800] "GET /log/preLogin/477014871 HTTP/1.1" 200 64
0:0:0:0:0:0:0:1 - - [30/Aug/2022:12:43:58 +0800] "GET /log/preLogin/477014871 HTTP/1.1" 200 64
0:0:0:0:0:0:0:1 - - [30/Aug/2022:15:15:46 +0800] "GET /log/preLogin/477014871 HTTP/1.1" 200 64
0:0:0:0:0:0:0:1 - - [30/Aug/2022:15:16:29 +0800] "GET /log/preLogin/477014871 HTTP/1.1" 200 64
0:0:0:0:0:0:0:1 - - [30/Aug/2022:15:16:49 +0800] "GET /log/preLogin/477014871 HTTP/1.1" 200 64
0:0:0:0:0:0:0:1 - - [30/Aug/2022:16:09:58 +0800] "GET /log/preLogin/477014871 HTTP/1.1" 200 64
0:0:0:0:0:0:0:1 - - [30/Aug/2022:17:36:08 +0800] "GET /log/preLogin/477014871 HTTP/1.1" 200 64
0:0:0:0:0:0:0:1 - - [30/Aug/2022:17:36:16 +0800] "POST /gobang/createChessboard/test/[object%20Object] HTTP/1.1" 400 435
0:0:0:0:0:0:0:1 - - [30/Aug/2022:17:38:55 +0800] "POST /gobang/createChessboard/test/[object%20Object] HTTP/1.1" 400 435
0:0:0:0:0:0:0:1 - - [30/Aug/2022:17:44:30 +0800] "GET /log/preLogin/477014871 HTTP/1.1" 200 64
0:0:0:0:0:0:0:1 - - [30/Aug/2022:17:44:36 +0800] "OPTIONS /gobang/createChessboard/test/[object%20Object] HTTP/1.1" 400 435
0:0:0:0:0:0:0:1 - - [30/Aug/2022:17:44:39 +0800] "GET /gobang/createChessboard/test/[object HTTP/1.1" 400 435
0:0:0:0:0:0:0:1 - - [30/Aug/2022:17:44:39 +0800] "GET /favicon.ico HTTP/1.1" 404 93
0:0:0:0:0:0:0:1 - - [30/Aug/2022:17:49:28 +0800] "OPTIONS /gobang/createChessboard/test/[object%20Object] HTTP/1.1" 400 435
0:0:0:0:0:0:0:1 - - [30/Aug/2022:17:49:48 +0800] "GET /log/login/aa/aa/true HTTP/1.1" 200 47
0:0:0:0:0:0:0:1 - - [30/Aug/2022:17:50:03 +0800] "GET /log/login/aa/aa/true HTTP/1.1" 200 47
0:0:0:0:0:0:0:1 - - [30/Aug/2022:17:50:09 +0800] "GET /log/login/aa/test/true HTTP/1.1" 200 62
0:0:0:0:0:0:0:1 - - [30/Aug/2022:17:51:04 +0800] "GET /log/login/123/test/true HTTP/1.1" 200 63
0:0:0:0:0:0:0:1 - - [30/Aug/2022:17:51:28 +0800] "GET /log/login/123/test/true HTTP/1.1" 200 63
0:0:0:0:0:0:0:1 - - [30/Aug/2022:17:51:49 +0800] "GET /log/login/123/test/true HTTP/1.1" 200 63
0:0:0:0:0:0:0:1 - - [30/Aug/2022:17:52:00 +0800] "OPTIONS /gobang/createChessboard/123/[object%20Object] HTTP/1.1" 400 435
0:0:0:0:0:0:0:1 - - [30/Aug/2022:17:52:46 +0800] "GET /log/login/789/test/true HTTP/1.1" 200 63
0:0:0:0:0:0:0:1 - - [30/Aug/2022:17:52:50 +0800] "OPTIONS /gobang/createChessboard/789/[object%20Object] HTTP/1.1" 400 435
0:0:0:0:0:0:0:1 - - [30/Aug/2022:17:56:08 +0800] "GET /log/preLogin/942411821 HTTP/1.1" 200 63
0:0:0:0:0:0:0:1 - - [30/Aug/2022:17:56:27 +0800] "GET /log/preLogin/942411821 HTTP/1.1" 200 63
0:0:0:0:0:0:0:1 - - [30/Aug/2022:17:56:29 +0800] "OPTIONS /gobang/createChessboard/789/[object%20Object] HTTP/1.1" 400 435
0:0:0:0:0:0:0:1 - - [30/Aug/2022:17:57:05 +0800] "GET /log/preLogin/942411821 HTTP/1.1" 200 63
0:0:0:0:0:0:0:1 - - [30/Aug/2022:17:57:10 +0800] "OPTIONS /gobang/createChessboard/789/[object%20Object] HTTP/1.1" 400 435
0:0:0:0:0:0:0:1 - - [30/Aug/2022:19:15:46 +0800] "OPTIONS /gobang/createChessboard/789/[object%20Object] HTTP/1.1" 400 435
0:0:0:0:0:0:0:1 - - [30/Aug/2022:19:36:09 +0800] "GET /log/preLogin/942411821 HTTP/1.1" 200 63
0:0:0:0:0:0:0:1 - - [30/Aug/2022:19:36:18 +0800] "GET /log/preLogin/942411821 HTTP/1.1" 200 63
0:0:0:0:0:0:0:1 - - [30/Aug/2022:19:36:22 +0800] "GET /gobang/createChessboard/789/[object%20Object] HTTP/1.1" 400 435
0:0:0:0:0:0:0:1 - - [30/Aug/2022:19:47:14 +0800] "GET /gobang/createChessboard/789/true HTTP/1.1" 200 74
0:0:0:0:0:0:0:1 - - [30/Aug/2022:19:49:19 +0800] "GET /log/preLogin/942411821 HTTP/1.1" 200 63
0:0:0:0:0:0:0:1 - - [30/Aug/2022:19:49:57 +0800] "GET /log/preLogin/942411821 HTTP/1.1" 200 63
0:0:0:0:0:0:0:1 - - [30/Aug/2022:19:50:12 +0800] "GET /gobang/createChessboard/789/true HTTP/1.1" 200 74
0:0:0:0:0:0:0:1 - - [30/Aug/2022:19:50:20 +0800] "GET /gobang/createChessboard/789/true HTTP/1.1" 200 74
