0:0:0:0:0:0:0:1 - - [28/Aug/2022:00:56:11 +0800] "GET /aaa/aaa/true HTTP/1.1" 404 94
0:0:0:0:0:0:0:1 - - [28/Aug/2022:01:05:47 +0800] "GET /aa/aaa/true HTTP/1.1" 404 93
0:0:0:0:0:0:0:1 - - [28/Aug/2022:01:10:11 +0800] "GET /aa/log/login/aa/true HTTP/1.1" 404 102
0:0:0:0:0:0:0:1 - - [28/Aug/2022:01:11:51 +0800] "GET /log/login/aa/aa/true HTTP/1.1" 200 48
0:0:0:0:0:0:0:1 - - [28/Aug/2022:01:42:41 +0800] "GET /log/login/aa/aa/true HTTP/1.1" 200 48
0:0:0:0:0:0:0:1 - - [28/Aug/2022:01:42:57 +0800] "GET /log/login/test/test/true HTTP/1.1" 200 54
0:0:0:0:0:0:0:1 - - [28/Aug/2022:02:29:10 +0800] "GET /log/login/test/test/true HTTP/1.1" 302 -
0:0:0:0:0:0:0:1 - - [28/Aug/2022:02:29:10 +0800] "GET /log/login/test/test/index.html HTTP/1.1" 302 -
0:0:0:0:0:0:0:1 - - [28/Aug/2022:02:29:10 +0800] "GET /log/login/test/test/index.html HTTP/1.1" 302 -
0:0:0:0:0:0:0:1 - - [28/Aug/2022:02:29:10 +0800] "GET /log/login/test/test/index.html HTTP/1.1" 302 -
0:0:0:0:0:0:0:1 - - [28/Aug/2022:02:29:10 +0800] "GET /log/login/test/test/index.html HTTP/1.1" 302 -
0:0:0:0:0:0:0:1 - - [28/Aug/2022:02:29:10 +0800] "GET /log/login/test/test/index.html HTTP/1.1" 302 -
0:0:0:0:0:0:0:1 - - [28/Aug/2022:02:29:10 +0800] "GET /log/login/test/test/index.html HTTP/1.1" 302 -
0:0:0:0:0:0:0:1 - - [28/Aug/2022:02:29:10 +0800] "GET /log/login/test/test/index.html HTTP/1.1" 302 -
0:0:0:0:0:0:0:1 - - [28/Aug/2022:02:29:10 +0800] "GET /log/login/test/test/index.html HTTP/1.1" 302 -
0:0:0:0:0:0:0:1 - - [28/Aug/2022:02:29:10 +0800] "GET /log/login/test/test/index.html HTTP/1.1" 302 -
0:0:0:0:0:0:0:1 - - [28/Aug/2022:02:29:10 +0800] "GET /log/login/test/test/index.html HTTP/1.1" 302 -
0:0:0:0:0:0:0:1 - - [28/Aug/2022:02:29:10 +0800] "GET /log/login/test/test/index.html HTTP/1.1" 302 -
0:0:0:0:0:0:0:1 - - [28/Aug/2022:02:29:10 +0800] "GET /log/login/test/test/index.html HTTP/1.1" 302 -
0:0:0:0:0:0:0:1 - - [28/Aug/2022:02:29:10 +0800] "GET /log/login/test/test/index.html HTTP/1.1" 302 -
0:0:0:0:0:0:0:1 - - [28/Aug/2022:02:29:10 +0800] "GET /log/login/test/test/index.html HTTP/1.1" 302 -
0:0:0:0:0:0:0:1 - - [28/Aug/2022:02:29:10 +0800] "GET /log/login/test/test/index.html HTTP/1.1" 302 -
0:0:0:0:0:0:0:1 - - [28/Aug/2022:02:29:10 +0800] "GET /log/login/test/test/index.html HTTP/1.1" 302 -
0:0:0:0:0:0:0:1 - - [28/Aug/2022:02:29:10 +0800] "GET /log/login/test/test/index.html HTTP/1.1" 302 -
0:0:0:0:0:0:0:1 - - [28/Aug/2022:02:29:10 +0800] "GET /log/login/test/test/index.html HTTP/1.1" 302 -
0:0:0:0:0:0:0:1 - - [28/Aug/2022:02:29:10 +0800] "GET /log/login/test/test/index.html HTTP/1.1" 302 -
0:0:0:0:0:0:0:1 - - [28/Aug/2022:02:29:10 +0800] "GET /log/login/test/test/index.html HTTP/1.1" 302 -
0:0:0:0:0:0:0:1 - - [28/Aug/2022:02:34:17 +0800] "GET /log/login/test/test/true HTTP/1.1" 302 -
0:0:0:0:0:0:0:1 - - [28/Aug/2022:02:34:17 +0800] "GET /log/login/test/test/index.html HTTP/1.1" 302 -
0:0:0:0:0:0:0:1 - - [28/Aug/2022:02:34:17 +0800] "GET /log/login/test/test/index.html HTTP/1.1" 302 -
0:0:0:0:0:0:0:1 - - [28/Aug/2022:02:34:17 +0800] "GET /log/login/test/test/index.html HTTP/1.1" 302 -
0:0:0:0:0:0:0:1 - - [28/Aug/2022:02:34:17 +0800] "GET /log/login/test/test/index.html HTTP/1.1" 302 -
0:0:0:0:0:0:0:1 - - [28/Aug/2022:02:34:17 +0800] "GET /log/login/test/test/index.html HTTP/1.1" 302 -
0:0:0:0:0:0:0:1 - - [28/Aug/2022:02:34:17 +0800] "GET /log/login/test/test/index.html HTTP/1.1" 302 -
0:0:0:0:0:0:0:1 - - [28/Aug/2022:02:34:17 +0800] "GET /log/login/test/test/index.html HTTP/1.1" 302 -
0:0:0:0:0:0:0:1 - - [28/Aug/2022:02:34:17 +0800] "GET /log/login/test/test/index.html HTTP/1.1" 302 -
0:0:0:0:0:0:0:1 - - [28/Aug/2022:02:34:17 +0800] "GET /log/login/test/test/index.html HTTP/1.1" 302 -
0:0:0:0:0:0:0:1 - - [28/Aug/2022:02:34:17 +0800] "GET /log/login/test/test/index.html HTTP/1.1" 302 -
0:0:0:0:0:0:0:1 - - [28/Aug/2022:02:34:17 +0800] "GET /log/login/test/test/index.html HTTP/1.1" 302 -
0:0:0:0:0:0:0:1 - - [28/Aug/2022:02:34:17 +0800] "GET /log/login/test/test/index.html HTTP/1.1" 302 -
0:0:0:0:0:0:0:1 - - [28/Aug/2022:02:34:17 +0800] "GET /log/login/test/test/index.html HTTP/1.1" 302 -
0:0:0:0:0:0:0:1 - - [28/Aug/2022:02:34:17 +0800] "GET /log/login/test/test/index.html HTTP/1.1" 302 -
0:0:0:0:0:0:0:1 - - [28/Aug/2022:02:34:17 +0800] "GET /log/login/test/test/index.html HTTP/1.1" 302 -
0:0:0:0:0:0:0:1 - - [28/Aug/2022:02:34:17 +0800] "GET /log/login/test/test/index.html HTTP/1.1" 302 -
0:0:0:0:0:0:0:1 - - [28/Aug/2022:02:34:17 +0800] "GET /log/login/test/test/index.html HTTP/1.1" 302 -
0:0:0:0:0:0:0:1 - - [28/Aug/2022:02:34:17 +0800] "GET /log/login/test/test/index.html HTTP/1.1" 302 -
0:0:0:0:0:0:0:1 - - [28/Aug/2022:02:34:17 +0800] "GET /log/login/test/test/index.html HTTP/1.1" 302 -
0:0:0:0:0:0:0:1 - - [28/Aug/2022:02:34:17 +0800] "GET /log/login/test/test/index.html HTTP/1.1" 302 -
0:0:0:0:0:0:0:1 - - [28/Aug/2022:02:34:56 +0800] "GET /log/login/test/test/true HTTP/1.1" 302 -
0:0:0:0:0:0:0:1 - - [28/Aug/2022:02:34:56 +0800] "GET /log/login/test/test/index.html HTTP/1.1" 302 -
0:0:0:0:0:0:0:1 - - [28/Aug/2022:02:34:56 +0800] "GET /log/login/test/test/index.html HTTP/1.1" 302 -
0:0:0:0:0:0:0:1 - - [28/Aug/2022:02:34:56 +0800] "GET /log/login/test/test/index.html HTTP/1.1" 302 -
0:0:0:0:0:0:0:1 - - [28/Aug/2022:02:34:56 +0800] "GET /log/login/test/test/index.html HTTP/1.1" 302 -
0:0:0:0:0:0:0:1 - - [28/Aug/2022:02:34:56 +0800] "GET /log/login/test/test/index.html HTTP/1.1" 302 -
0:0:0:0:0:0:0:1 - - [28/Aug/2022:02:34:56 +0800] "GET /log/login/test/test/index.html HTTP/1.1" 302 -
0:0:0:0:0:0:0:1 - - [28/Aug/2022:02:34:56 +0800] "GET /log/login/test/test/index.html HTTP/1.1" 302 -
0:0:0:0:0:0:0:1 - - [28/Aug/2022:02:34:56 +0800] "GET /log/login/test/test/index.html HTTP/1.1" 302 -
0:0:0:0:0:0:0:1 - - [28/Aug/2022:02:34:56 +0800] "GET /log/login/test/test/index.html HTTP/1.1" 302 -
0:0:0:0:0:0:0:1 - - [28/Aug/2022:02:34:56 +0800] "GET /log/login/test/test/index.html HTTP/1.1" 302 -
0:0:0:0:0:0:0:1 - - [28/Aug/2022:02:34:56 +0800] "GET /log/login/test/test/index.html HTTP/1.1" 302 -
0:0:0:0:0:0:0:1 - - [28/Aug/2022:02:34:56 +0800] "GET /log/login/test/test/index.html HTTP/1.1" 302 -
0:0:0:0:0:0:0:1 - - [28/Aug/2022:02:34:56 +0800] "GET /log/login/test/test/index.html HTTP/1.1" 302 -
0:0:0:0:0:0:0:1 - - [28/Aug/2022:02:34:56 +0800] "GET /log/login/test/test/index.html HTTP/1.1" 302 -
0:0:0:0:0:0:0:1 - - [28/Aug/2022:02:34:56 +0800] "GET /log/login/test/test/index.html HTTP/1.1" 302 -
0:0:0:0:0:0:0:1 - - [28/Aug/2022:02:34:56 +0800] "GET /log/login/test/test/index.html HTTP/1.1" 302 -
0:0:0:0:0:0:0:1 - - [28/Aug/2022:02:34:56 +0800] "GET /log/login/test/test/index.html HTTP/1.1" 302 -
0:0:0:0:0:0:0:1 - - [28/Aug/2022:02:34:56 +0800] "GET /log/login/test/test/index.html HTTP/1.1" 302 -
0:0:0:0:0:0:0:1 - - [28/Aug/2022:02:34:56 +0800] "GET /log/login/test/test/index.html HTTP/1.1" 302 -
0:0:0:0:0:0:0:1 - - [28/Aug/2022:02:34:56 +0800] "GET /log/login/test/test/index.html HTTP/1.1" 302 -
0:0:0:0:0:0:0:1 - - [28/Aug/2022:02:39:14 +0800] "GET /log/login/test/test/true HTTP/1.1" 200 60
0:0:0:0:0:0:0:1 - - [28/Aug/2022:15:33:18 +0800] "GET /log/test HTTP/1.1" 302 -
0:0:0:0:0:0:0:1 - - [28/Aug/2022:15:33:18 +0800] "GET /log/index.html HTTP/1.1" 302 -
0:0:0:0:0:0:0:1 - - [28/Aug/2022:15:33:18 +0800] "GET /log/index.html HTTP/1.1" 302 -
0:0:0:0:0:0:0:1 - - [28/Aug/2022:15:33:18 +0800] "GET /log/index.html HTTP/1.1" 302 -
0:0:0:0:0:0:0:1 - - [28/Aug/2022:15:33:18 +0800] "GET /log/index.html HTTP/1.1" 302 -
0:0:0:0:0:0:0:1 - - [28/Aug/2022:15:33:18 +0800] "GET /log/index.html HTTP/1.1" 302 -
0:0:0:0:0:0:0:1 - - [28/Aug/2022:15:33:18 +0800] "GET /log/index.html HTTP/1.1" 302 -
0:0:0:0:0:0:0:1 - - [28/Aug/2022:15:33:18 +0800] "GET /log/index.html HTTP/1.1" 302 -
0:0:0:0:0:0:0:1 - - [28/Aug/2022:15:33:18 +0800] "GET /log/index.html HTTP/1.1" 302 -
0:0:0:0:0:0:0:1 - - [28/Aug/2022:15:33:18 +0800] "GET /log/index.html HTTP/1.1" 302 -
0:0:0:0:0:0:0:1 - - [28/Aug/2022:15:33:18 +0800] "GET /log/index.html HTTP/1.1" 302 -
0:0:0:0:0:0:0:1 - - [28/Aug/2022:15:33:37 +0800] "GET /log/login/aa/aa/true HTTP/1.1" 200 47
0:0:0:0:0:0:0:1 - - [28/Aug/2022:16:14:57 +0800] "GET /log/login/aa/aa/true HTTP/1.1" 200 47
0:0:0:0:0:0:0:1 - - [28/Aug/2022:16:15:20 +0800] "GET /log/login/aa/test/true HTTP/1.1" 200 60
0:0:0:0:0:0:0:1 - - [28/Aug/2022:16:15:23 +0800] "GET /log/login/aa/aa/true HTTP/1.1" 200 47
0:0:0:0:0:0:0:1 - - [28/Aug/2022:16:42:42 +0800] "GET /log/login/aa/aa/true HTTP/1.1" 200 47
0:0:0:0:0:0:0:1 - - [28/Aug/2022:16:42:57 +0800] "GET /log/login/aa/test/true HTTP/1.1" 200 60
0:0:0:0:0:0:0:1 - - [28/Aug/2022:16:43:42 +0800] "GET /log/login/aa/test/false HTTP/1.1" 200 60
0:0:0:0:0:0:0:1 - - [28/Aug/2022:16:45:24 +0800] "GET /log/login/aa/aa/true HTTP/1.1" 200 47
0:0:0:0:0:0:0:1 - - [28/Aug/2022:16:46:03 +0800] "GET /log/login/aa/aa/true HTTP/1.1" 200 47
0:0:0:0:0:0:0:1 - - [28/Aug/2022:16:46:09 +0800] "GET /log/login/aa/aa/true HTTP/1.1" 200 47
0:0:0:0:0:0:0:1 - - [28/Aug/2022:16:46:24 +0800] "GET /log/login/aa/aa/true HTTP/1.1" 200 47
0:0:0:0:0:0:0:1 - - [28/Aug/2022:16:48:02 +0800] "GET /log/login/aa/aa/true HTTP/1.1" 200 47
0:0:0:0:0:0:0:1 - - [28/Aug/2022:17:27:37 +0800] "GET /log/login/aa/aa/true HTTP/1.1" 200 47
0:0:0:0:0:0:0:1 - - [28/Aug/2022:17:32:36 +0800] "GET /log/login/aa/test/true HTTP/1.1" 200 60
0:0:0:0:0:0:0:1 - - [28/Aug/2022:17:32:52 +0800] "GET /log/test HTTP/1.1" 302 -
0:0:0:0:0:0:0:1 - - [28/Aug/2022:17:32:52 +0800] "GET /log/index.html HTTP/1.1" 302 -
0:0:0:0:0:0:0:1 - - [28/Aug/2022:17:32:52 +0800] "GET /log/index.html HTTP/1.1" 302 -
0:0:0:0:0:0:0:1 - - [28/Aug/2022:17:32:52 +0800] "GET /log/index.html HTTP/1.1" 302 -
0:0:0:0:0:0:0:1 - - [28/Aug/2022:17:32:52 +0800] "GET /log/index.html HTTP/1.1" 302 -
0:0:0:0:0:0:0:1 - - [28/Aug/2022:17:32:52 +0800] "GET /log/index.html HTTP/1.1" 302 -
0:0:0:0:0:0:0:1 - - [28/Aug/2022:17:32:52 +0800] "GET /log/index.html HTTP/1.1" 302 -
0:0:0:0:0:0:0:1 - - [28/Aug/2022:17:32:52 +0800] "GET /log/index.html HTTP/1.1" 302 -
0:0:0:0:0:0:0:1 - - [28/Aug/2022:17:32:52 +0800] "GET /log/index.html HTTP/1.1" 302 -
0:0:0:0:0:0:0:1 - - [28/Aug/2022:17:32:52 +0800] "GET /log/index.html HTTP/1.1" 302 -
0:0:0:0:0:0:0:1 - - [28/Aug/2022:17:32:52 +0800] "GET /log/index.html HTTP/1.1" 302 -
0:0:0:0:0:0:0:1 - - [28/Aug/2022:17:36:05 +0800] "GET /log/login/aa/test/true HTTP/1.1" 200 60
0:0:0:0:0:0:0:1 - - [28/Aug/2022:17:36:30 +0800] "GET /log/login/aa/test/true HTTP/1.1" 200 60
0:0:0:0:0:0:0:1 - - [28/Aug/2022:17:36:57 +0800] "GET /log/test HTTP/1.1" 200 -
0:0:0:0:0:0:0:1 - - [28/Aug/2022:17:38:34 +0800] "GET /log/test HTTP/1.1" 200 -
0:0:0:0:0:0:0:1 - - [28/Aug/2022:17:38:59 +0800] "GET /log/test HTTP/1.1" 500 455
0:0:0:0:0:0:0:1 - - [28/Aug/2022:17:43:25 +0800] "GET /log/login/aa/test/true HTTP/1.1" 200 60
0:0:0:0:0:0:0:1 - - [28/Aug/2022:17:43:31 +0800] "GET /log/test HTTP/1.1" 500 455
0:0:0:0:0:0:0:1 - - [28/Aug/2022:17:46:46 +0800] "GET /log/login/aa/test/true HTTP/1.1" 200 60
0:0:0:0:0:0:0:1 - - [28/Aug/2022:17:48:39 +0800] "GET /log/test HTTP/1.1" 500 455
0:0:0:0:0:0:0:1 - - [28/Aug/2022:17:49:08 +0800] "GET /log/test HTTP/1.1" 500 455
0:0:0:0:0:0:0:1 - - [28/Aug/2022:17:54:12 +0800] "GET /log/test HTTP/1.1" 200 4
0:0:0:0:0:0:0:1 - - [28/Aug/2022:17:55:36 +0800] "GET /log/test HTTP/1.1" 40 -
0:0:0:0:0:0:0:1 - - [28/Aug/2022:17:56:24 +0800] "GET /log/test HTTP/1.1" 404 -
0:0:0:0:0:0:0:1 - - [28/Aug/2022:20:56:35 +0800] "GET /log/login/aa/aa/true HTTP/1.1" 200 47
