0:0:0:0:0:0:0:1 - - [31/Aug/2022:10:15:13 +0800] "GET /log/preLogin/942411821 HTTP/1.1" 200 63
0:0:0:0:0:0:0:1 - - [31/Aug/2022:10:15:20 +0800] "GET /gobang/createChessboard/789/false HTTP/1.1" 200 74
0:0:0:0:0:0:0:1 - - [31/Aug/2022:10:15:20 +0800] "GET /gobang/789/ HTTP/1.1" 404 93
0:0:0:0:0:0:0:1 - - [31/Aug/2022:10:17:37 +0800] "GET /gobang/createChessboard/789/true HTTP/1.1" 200 74
0:0:0:0:0:0:0:1 - - [31/Aug/2022:10:17:37 +0800] "GET /gobang/789/53966649 HTTP/1.1" 101 -
0:0:0:0:0:0:0:1 - - [31/Aug/2022:10:18:13 +0800] "GET /gobang/createChessboard/789/false HTTP/1.1" 200 74
0:0:0:0:0:0:0:1 - - [31/Aug/2022:10:18:13 +0800] "GET /gobang/789/93646790 HTTP/1.1" 101 -
0:0:0:0:0:0:0:1 - - [31/Aug/2022:10:18:17 +0800] "GET /log/preLogin/942411821 HTTP/1.1" 200 63
0:0:0:0:0:0:0:1 - - [31/Aug/2022:10:25:32 +0800] "GET /log/preLogin/942411821 HTTP/1.1" 200 63
0:0:0:0:0:0:0:1 - - [31/Aug/2022:10:25:45 +0800] "GET /gobang/createChessboard/789/true HTTP/1.1" 200 74
0:0:0:0:0:0:0:1 - - [31/Aug/2022:10:25:45 +0800] "GET /gobang/789/15149982 HTTP/1.1" 101 -
0:0:0:0:0:0:0:1 - - [31/Aug/2022:10:26:20 +0800] "GET /log/preLogin/942411821 HTTP/1.1" 200 63
0:0:0:0:0:0:0:1 - - [31/Aug/2022:10:26:25 +0800] "GET /gobang/createChessboard/789/true HTTP/1.1" 200 74
0:0:0:0:0:0:0:1 - - [31/Aug/2022:10:26:25 +0800] "GET /gobang/789/81034589 HTTP/1.1" 101 -
0:0:0:0:0:0:0:1 - - [31/Aug/2022:10:27:17 +0800] "GET /log/login/123/test/true HTTP/1.1" 200 63
0:0:0:0:0:0:0:1 - - [31/Aug/2022:10:27:23 +0800] "GET /gobang/createChessboard/123/true HTTP/1.1" 200 74
0:0:0:0:0:0:0:1 - - [31/Aug/2022:10:27:23 +0800] "GET /gobang/123/96918144 HTTP/1.1" 101 -
0:0:0:0:0:0:0:1 - - [31/Aug/2022:10:27:30 +0800] "GET /log/preLogin/798916969 HTTP/1.1" 200 63
0:0:0:0:0:0:0:1 - - [31/Aug/2022:11:48:46 +0800] "GET /log/preLogin/798916969 HTTP/1.1" 200 63
0:0:0:0:0:0:0:1 - - [31/Aug/2022:11:49:29 +0800] "GET /log/preLogin/798916969 HTTP/1.1" 200 63
0:0:0:0:0:0:0:1 - - [31/Aug/2022:11:51:34 +0800] "GET /log/preLogin/798916969 HTTP/1.1" 200 63
0:0:0:0:0:0:0:1 - - [31/Aug/2022:13:12:06 +0800] "GET /log/preLogin/798916969 HTTP/1.1" 200 63
0:0:0:0:0:0:0:1 - - [31/Aug/2022:13:12:13 +0800] "GET /gobang/createChessboard/123/true HTTP/1.1" 200 74
0:0:0:0:0:0:0:1 - - [31/Aug/2022:13:12:14 +0800] "GET /gobang/123/45896493 HTTP/1.1" 101 -
0:0:0:0:0:0:0:1 - - [31/Aug/2022:13:13:01 +0800] "GET /gobang/createChessboard/123/true HTTP/1.1" 200 74
0:0:0:0:0:0:0:1 - - [31/Aug/2022:13:13:01 +0800] "GET /gobang/123/45896493123/95455455 HTTP/1.1" 404 113
0:0:0:0:0:0:0:1 - - [31/Aug/2022:13:13:31 +0800] "GET /gobang/createChessboard/123/true HTTP/1.1" 200 74
0:0:0:0:0:0:0:1 - - [31/Aug/2022:13:13:31 +0800] "GET /gobang/123/92361865 HTTP/1.1" 101 -
0:0:0:0:0:0:0:1 - - [31/Aug/2022:13:15:22 +0800] "GET /gobang/createChessboard/123/true HTTP/1.1" 200 74
0:0:0:0:0:0:0:1 - - [31/Aug/2022:13:15:22 +0800] "GET /gobang/123/26824479 HTTP/1.1" 101 -
0:0:0:0:0:0:0:1 - - [31/Aug/2022:13:15:43 +0800] "GET /gobang/createChessboard/123/true HTTP/1.1" 200 74
0:0:0:0:0:0:0:1 - - [31/Aug/2022:13:15:43 +0800] "GET /gobang/123/26824479123/73895494 HTTP/1.1" 404 113
0:0:0:0:0:0:0:1 - - [31/Aug/2022:13:16:06 +0800] "GET /gobang/createChessboard/123/false HTTP/1.1" 200 74
0:0:0:0:0:0:0:1 - - [31/Aug/2022:13:16:06 +0800] "GET /gobang/123/30880938 HTTP/1.1" 101 -
0:0:0:0:0:0:0:1 - - [31/Aug/2022:13:18:54 +0800] "GET /log/preLogin/798916969 HTTP/1.1" 200 63
0:0:0:0:0:0:0:1 - - [31/Aug/2022:13:18:58 +0800] "GET /gobang/createChessboard/123/false HTTP/1.1" 200 74
0:0:0:0:0:0:0:1 - - [31/Aug/2022:13:18:58 +0800] "GET /gobang/123/45224672 HTTP/1.1" 101 -
0:0:0:0:0:0:0:1 - - [31/Aug/2022:13:21:36 +0800] "GET /gobang/createChessboard/123/false HTTP/1.1" 200 74
0:0:0:0:0:0:0:1 - - [31/Aug/2022:13:21:36 +0800] "GET /gobang/123/77687438 HTTP/1.1" 101 -
0:0:0:0:0:0:0:1 - - [31/Aug/2022:13:25:05 +0800] "GET /log/preLogin/798916969 HTTP/1.1" 200 47
0:0:0:0:0:0:0:1 - - [31/Aug/2022:13:25:45 +0800] "GET /log/login/aa/test/true HTTP/1.1" 200 62
0:0:0:0:0:0:0:1 - - [31/Aug/2022:13:27:29 +0800] "GET /gobang/createChessboard/aa/false HTTP/1.1" 200 74
0:0:0:0:0:0:0:1 - - [31/Aug/2022:13:27:29 +0800] "GET /gobang/aa/92431286 HTTP/1.1" 101 -
0:0:0:0:0:0:0:1 - - [31/Aug/2022:13:28:01 +0800] "GET /gobang/createChessboard/aa/false HTTP/1.1" 200 74
0:0:0:0:0:0:0:1 - - [31/Aug/2022:13:28:01 +0800] "GET /gobang/aa/73236830 HTTP/1.1" 101 -
0:0:0:0:0:0:0:1 - - [31/Aug/2022:13:29:26 +0800] "GET /gobang/createChessboard/aa/false HTTP/1.1" 200 74
0:0:0:0:0:0:0:1 - - [31/Aug/2022:13:29:26 +0800] "GET /gobang/aa/82477049 HTTP/1.1" 101 -
0:0:0:0:0:0:0:1 - - [31/Aug/2022:13:30:11 +0800] "GET /gobang/createChessboard/aa/false HTTP/1.1" 200 74
0:0:0:0:0:0:0:1 - - [31/Aug/2022:13:30:11 +0800] "GET /gobang/aa/98551288 HTTP/1.1" 101 -
0:0:0:0:0:0:0:1 - - [31/Aug/2022:13:35:38 +0800] "GET /gobang/createChessboard/aa/false HTTP/1.1" 200 74
0:0:0:0:0:0:0:1 - - [31/Aug/2022:13:35:38 +0800] "GET /gobang/aa/74783341 HTTP/1.1" 101 -
0:0:0:0:0:0:0:1 - - [31/Aug/2022:20:02:56 +0800] "GET /log/preLogin/884254642 HTTP/1.1" 200 62
0:0:0:0:0:0:0:1 - - [31/Aug/2022:20:03:03 +0800] "GET /log/preLogin/884254642 HTTP/1.1" 200 62
0:0:0:0:0:0:0:1 - - [31/Aug/2022:20:03:24 +0800] "GET /log/login/bb/test/true HTTP/1.1" 200 62
0:0:0:0:0:0:0:1 - - [31/Aug/2022:20:03:45 +0800] "GET /gobang/createChessboard/aa/false HTTP/1.1" 200 74
0:0:0:0:0:0:0:1 - - [31/Aug/2022:20:03:45 +0800] "GET /gobang/aa/90985607 HTTP/1.1" 101 -
0:0:0:0:0:0:0:1 - - [31/Aug/2022:20:06:28 +0800] "GET /gobang/createChessboard/aa/false HTTP/1.1" 200 74
0:0:0:0:0:0:0:1 - - [31/Aug/2022:20:06:28 +0800] "GET /gobang/aa/52872989 HTTP/1.1" 101 -
0:0:0:0:0:0:0:1 - - [31/Aug/2022:20:07:21 +0800] "GET /gobang/createChessboard/aa/true HTTP/1.1" 200 74
0:0:0:0:0:0:0:1 - - [31/Aug/2022:20:07:21 +0800] "GET /gobang/aa/18296592 HTTP/1.1" 101 -
0:0:0:0:0:0:0:1 - - [31/Aug/2022:20:20:32 +0800] "GET /gobang/isChessboard/18296592 HTTP/1.1" 200 66
0:0:0:0:0:0:0:1 - - [31/Aug/2022:20:21:20 +0800] "GET /gobang/isChessboard/18296592 HTTP/1.1" 200 66
0:0:0:0:0:0:0:1 - - [31/Aug/2022:20:22:52 +0800] "GET /gobang/isChessboard/18296592 HTTP/1.1" 200 66
0:0:0:0:0:0:0:1 - - [31/Aug/2022:20:24:50 +0800] "GET /gobang/createChessboard/aa/false HTTP/1.1" 200 74
0:0:0:0:0:0:0:1 - - [31/Aug/2022:20:24:50 +0800] "GET /gobang/aa/54440446 HTTP/1.1" 101 -
0:0:0:0:0:0:0:1 - - [31/Aug/2022:20:25:03 +0800] "GET /gobang/isChessboard/54440446 HTTP/1.1" 200 66
0:0:0:0:0:0:0:1 - - [31/Aug/2022:20:27:07 +0800] "GET /gobang/isChessboard/54440446 HTTP/1.1" 200 66
0:0:0:0:0:0:0:1 - - [31/Aug/2022:20:27:44 +0800] "GET /gobang/isChessboard/54440446 HTTP/1.1" 200 66
0:0:0:0:0:0:0:1 - - [31/Aug/2022:20:27:44 +0800] "GET /gobang/bb/54440446 HTTP/1.1" 101 -
0:0:0:0:0:0:0:1 - - [31/Aug/2022:20:27:52 +0800] "GET /gobang/isChessboard/54440446 HTTP/1.1" 200 66
0:0:0:0:0:0:0:1 - - [31/Aug/2022:20:27:52 +0800] "GET /gobang/aa/54440446 HTTP/1.1" 101 -
0:0:0:0:0:0:0:1 - - [31/Aug/2022:20:28:26 +0800] "GET /gobang/isChessboard/54440446 HTTP/1.1" 200 66
0:0:0:0:0:0:0:1 - - [31/Aug/2022:20:28:26 +0800] "GET /gobang/aa/54440446 HTTP/1.1" 101 -
0:0:0:0:0:0:0:1 - - [31/Aug/2022:20:28:27 +0800] "GET /gobang/isChessboard/54440446 HTTP/1.1" 200 66
0:0:0:0:0:0:0:1 - - [31/Aug/2022:20:28:27 +0800] "GET /gobang/aa/54440446 HTTP/1.1" 101 -
0:0:0:0:0:0:0:1 - - [31/Aug/2022:20:36:10 +0800] "GET /log/preLogin/884254642 HTTP/1.1" 200 47
0:0:0:0:0:0:0:1 - - [31/Aug/2022:20:36:17 +0800] "GET /log/login/aa/test/true HTTP/1.1" 200 62
0:0:0:0:0:0:0:1 - - [31/Aug/2022:20:53:11 +0800] "GET /log/preLogin/626963245 HTTP/1.1" 200 62
0:0:0:0:0:0:0:1 - - [31/Aug/2022:20:56:04 +0800] "GET /log/preLogin/626963245 HTTP/1.1" 200 62
