0:0:0:0:0:0:0:1 - - [29/Aug/2022:09:31:50 +0800] "GET /log/login/aa/aa/true HTTP/1.1" 200 47
0:0:0:0:0:0:0:1 - - [29/Aug/2022:09:57:08 +0800] "GET /log/login/aa/aa/true HTTP/1.1" 200 47
0:0:0:0:0:0:0:1 - - [29/Aug/2022:10:02:44 +0800] "GET /log/login/aa/aa/true HTTP/1.1" 200 47
0:0:0:0:0:0:0:1 - - [29/Aug/2022:10:02:50 +0800] "GET /log/login/aa/test/true HTTP/1.1" 200 62
0:0:0:0:0:0:0:1 - - [29/Aug/2022:10:08:23 +0800] "GET /log/login/aa/test/true HTTP/1.1" 200 62
0:0:0:0:0:0:0:1 - - [29/Aug/2022:10:16:29 +0800] "GET /log/login/aa/test/true HTTP/1.1" 200 62
0:0:0:0:0:0:0:1 - - [29/Aug/2022:10:24:09 +0800] "GET /log/login/aa/aa/true HTTP/1.1" 200 47
0:0:0:0:0:0:0:1 - - [29/Aug/2022:10:24:15 +0800] "GET /log/login/aa/test/true HTTP/1.1" 200 62
0:0:0:0:0:0:0:1 - - [29/Aug/2022:10:53:56 +0800] "GET /log/login/aa/aa/true HTTP/1.1" 200 47
0:0:0:0:0:0:0:1 - - [29/Aug/2022:10:53:59 +0800] "GET /log/login/aa/aa/true HTTP/1.1" 200 47
0:0:0:0:0:0:0:1 - - [29/Aug/2022:10:54:00 +0800] "GET /log/login/aa/aa/true HTTP/1.1" 200 47
0:0:0:0:0:0:0:1 - - [29/Aug/2022:10:54:10 +0800] "GET /log/login/aa/test/true HTTP/1.1" 200 62
0:0:0:0:0:0:0:1 - - [29/Aug/2022:10:59:26 +0800] "GET /log/login/b/a/true HTTP/1.1" 200 47
0:0:0:0:0:0:0:1 - - [29/Aug/2022:11:04:56 +0800] "GET /log/login/aa/aa/true HTTP/1.1" 200 47
0:0:0:0:0:0:0:1 - - [29/Aug/2022:11:05:53 +0800] "GET /log/login/aa/test/true HTTP/1.1" 200 62
0:0:0:0:0:0:0:1 - - [29/Aug/2022:11:06:06 +0800] "GET /log/login/aa/test/true HTTP/1.1" 200 62
0:0:0:0:0:0:0:1 - - [29/Aug/2022:11:07:46 +0800] "GET /log/login/aa/test/true HTTP/1.1" 200 62
0:0:0:0:0:0:0:1 - - [29/Aug/2022:11:09:21 +0800] "GET /log/login/aa/test/true HTTP/1.1" 200 62
0:0:0:0:0:0:0:1 - - [29/Aug/2022:11:09:46 +0800] "GET /log/login/aa/test/false HTTP/1.1" 200 62
0:0:0:0:0:0:0:1 - - [29/Aug/2022:13:41:19 +0800] "GET /log/login/aa/test/true HTTP/1.1" 200 62
0:0:0:0:0:0:0:1 - - [29/Aug/2022:13:48:16 +0800] "GET /log/login/aa/t/true HTTP/1.1" 200 47
0:0:0:0:0:0:0:1 - - [29/Aug/2022:13:48:23 +0800] "GET /log/login/aa/test/false HTTP/1.1" 200 62
0:0:0:0:0:0:0:1 - - [29/Aug/2022:13:53:36 +0800] "GET /log/login/aa/test/true HTTP/1.1" 403 31
0:0:0:0:0:0:0:1 - - [29/Aug/2022:13:54:23 +0800] "GET /log/login/aa/test/true HTTP/1.1" 200 62
0:0:0:0:0:0:0:1 - - [29/Aug/2022:13:54:36 +0800] "GET /log/login/aa/test/true HTTP/1.1" 200 62
0:0:0:0:0:0:0:1 - - [29/Aug/2022:13:56:13 +0800] "GET /log/login/aa/test/true HTTP/1.1" 200 62
0:0:0:0:0:0:0:1 - - [29/Aug/2022:13:56:36 +0800] "GET /log/login/aa/test/true HTTP/1.1" 403 31
0:0:0:0:0:0:0:1 - - [29/Aug/2022:14:07:09 +0800] "GET /log/login/aa/test/true HTTP/1.1" 403 31
0:0:0:0:0:0:0:1 - - [29/Aug/2022:14:10:36 +0800] "GET /log/login/aa/aa/true HTTP/1.1" 200 47
0:0:0:0:0:0:0:1 - - [29/Aug/2022:14:15:03 +0800] "GET /log/login/aa/aa/true HTTP/1.1" 200 47
0:0:0:0:0:0:0:1 - - [29/Aug/2022:14:23:49 +0800] "GET /log/login/aa/aa/true HTTP/1.1" 200 47
0:0:0:0:0:0:0:1 - - [29/Aug/2022:14:23:52 +0800] "GET /log/login/aa/aa/true HTTP/1.1" 200 47
0:0:0:0:0:0:0:1 - - [29/Aug/2022:14:24:23 +0800] "GET /log/login/aa/aa/true HTTP/1.1" 200 47
0:0:0:0:0:0:0:1 - - [29/Aug/2022:14:25:36 +0800] "GET /log/login/aa/aa/true HTTP/1.1" 200 47
0:0:0:0:0:0:0:1 - - [29/Aug/2022:14:26:09 +0800] "GET /log/login/aa/aa/true HTTP/1.1" 200 47
0:0:0:0:0:0:0:1 - - [29/Aug/2022:14:26:10 +0800] "GET /log/login/aa/aa/true HTTP/1.1" 200 47
0:0:0:0:0:0:0:1 - - [29/Aug/2022:14:26:18 +0800] "GET /log/login/aa/test/true HTTP/1.1" 200 62
0:0:0:0:0:0:0:1 - - [29/Aug/2022:14:30:45 +0800] "GET /log/login/aa/test/true HTTP/1.1" 200 62
0:0:0:0:0:0:0:1 - - [29/Aug/2022:14:33:28 +0800] "GET /log/login/aa/test/true HTTP/1.1" 200 62
0:0:0:0:0:0:0:1 - - [29/Aug/2022:14:45:30 +0800] "GET /log/login/aa/test/true HTTP/1.1" 200 62
0:0:0:0:0:0:0:1 - - [29/Aug/2022:14:49:53 +0800] "GET /log/946916923 HTTP/1.1" 404 95
0:0:0:0:0:0:0:1 - - [29/Aug/2022:14:50:14 +0800] "GET /log/946916923 HTTP/1.1" 404 95
0:0:0:0:0:0:0:1 - - [29/Aug/2022:14:50:43 +0800] "GET /log/preLogin/946916923 HTTP/1.1" 200 62
0:0:0:0:0:0:0:1 - - [29/Aug/2022:14:50:48 +0800] "GET /log/preLogin/946916923 HTTP/1.1" 200 62
0:0:0:0:0:0:0:1 - - [29/Aug/2022:16:45:45 +0800] "GET /log/preLogin/946916923 HTTP/1.1" 200 62
0:0:0:0:0:0:0:1 - - [29/Aug/2022:16:46:02 +0800] "GET /log/login/test/test/true HTTP/1.1" 200 64
0:0:0:0:0:0:0:1 - - [29/Aug/2022:17:03:01 +0800] "GET /log/preLogin/511935378 HTTP/1.1" 200 64
0:0:0:0:0:0:0:1 - - [29/Aug/2022:17:14:22 +0800] "GET /log/preLogin/511935378 HTTP/1.1" 200 64
0:0:0:0:0:0:0:1 - - [29/Aug/2022:17:14:22 +0800] "GET /log/preLogin/511935378 HTTP/1.1" 200 64
0:0:0:0:0:0:0:1 - - [29/Aug/2022:17:16:42 +0800] "GET /log/preLogin/511935378 HTTP/1.1" 200 64
0:0:0:0:0:0:0:1 - - [29/Aug/2022:17:19:19 +0800] "GET /log/preLogin/511935378 HTTP/1.1" 200 64
0:0:0:0:0:0:0:1 - - [29/Aug/2022:17:19:28 +0800] "GET /log/preLogin/511935378 HTTP/1.1" 200 64
